0000000000000000 b _TLS_MODULE_BASE_
0000000000000000 A __start__
0000000000000000 T _start
0000000000000000 0000000000000004 b g_sfdnsresResult
0000000000000004 0000000000000004 B g_bsdErrno
0000000000000008 0000000000000004 B g_bsdResult
0000000000000010 0000000000000401 b __fixedpath
0000000000000080 t startup
00000000000000b0 t bss_loop
0000000000000104 T __nx_exit
0000000000000114 T __nx_mod0
0000000000000130 T _init
0000000000000180 0000000000000038 T exit
00000000000001c0 00000000000001b4 T main
0000000000000378 t deregister_tm_clones
00000000000003a8 t register_tm_clones
00000000000003e0 t __do_global_dtors_aux
0000000000000418 0000000000002000 b tmp_buffer.6781
0000000000000428 t frame_dummy
0000000000000460 00000000000018fc T allocFontChar
0000000000001d60 0000000000000048 t drawPixel.part.0
0000000000001db0 00000000000000a4 T drawRect
0000000000001e60 000000000000010c T drawBackground
0000000000001f70 000000000000010c T drawTextAtOffset
0000000000002080 000000000000006c T drawCenteredTextAtOffset
00000000000020f0 00000000000002d8 T findNextStart
00000000000023d0 00000000000000b0 T readSchedule
0000000000002418 0000000000002000 b tmp_buffer.6805
0000000000002480 00000000000000b8 T scheduleError
0000000000002540 0000000000000080 T showTimeUntilNextLecture
00000000000025c0 0000000000000034 t ipcCloseObjectById
0000000000002600 0000000000000124 t _appletGetHandle
0000000000002730 00000000000000e0 t _appletGetPerformanceMode.constprop.14
0000000000002810 00000000000000e0 t _appletGetOperationMode.constprop.13
00000000000028f0 00000000000000e0 t _appletGetCurrentFocusState.constprop.15
00000000000029d0 00000000000000ec t _appletReceiveMessage
0000000000002ac0 00000000000000cc t _appletAcquireForegroundRights
0000000000002b90 00000000000000d4 t _appletSetPerformanceModeChangedNotification.constprop.17
0000000000002c70 00000000000000d4 t _appletSetOperationModeChangedNotification.constprop.16
0000000000002d50 00000000000000d0 t _appletSetOutOfFocusSuspendingEnabled
0000000000002e20 00000000000000d8 t _appletSetFocusHandlingMode
0000000000002f00 00000000000000e0 t _appletGetAppletResourceUserId.constprop.11
0000000000002fe0 000000000000013c t _appletGetSessionProxy.constprop.10
0000000000003120 0000000000000564 T appletExit
0000000000003690 0000000000000010 T appletGetAppletType
00000000000036a0 0000000000000028 T appletHook
00000000000036d0 0000000000000034 T appletUnhook
0000000000003710 0000000000000028 T appletGetAppletResourceUserId
0000000000003740 0000000000000120 T appletNotifyRunning
0000000000003860 000000000000056c T appletInitialize
0000000000003dd0 00000000000000ec T appletCreateManagedDisplayLayer
0000000000003ec0 000000000000000c T appletGetOperationMode
0000000000003ed0 0000000000000144 T appletMainLoop
0000000000004020 0000000000000034 t ipcCloseObjectById
0000000000004060 0000000000000124 t _hidGetSharedMemoryHandle.constprop.8
0000000000004190 0000000000000134 t _hidCreateAppletResource.constprop.7
00000000000042d0 00000000000001b0 T hidReset
0000000000004480 000000000000000c T hidGetSharedmemAddr
0000000000004490 000000000000006c T hidKeysDown
0000000000004500 000000000000000c T hidTouchCount
0000000000004510 000000000000049c T hidScanInput
00000000000049b0 000000000000010c T hidSetNpadJoyAssignmentModeDual
0000000000004ac0 0000000000000128 T hidExit
0000000000004bf0 000000000000010c T hidInitialize
0000000000004d00 0000000000000034 t ipcCloseObjectById
0000000000004d40 0000000000000124 t _apmGetSession.constprop.4
0000000000004e70 00000000000000f0 T apmExit
0000000000004f60 000000000000008c T apmInitialize
0000000000004ff0 00000000000000cc T apmSetPerformanceConfiguration
00000000000050c0 0000000000000044 T smAddOverrideHandle
0000000000005110 0000000000000060 T smGetServiceOverride
0000000000005170 0000000000000014 T smHasInitialized
0000000000005190 000000000000005c T smExit
00000000000051f0 0000000000000038 T smEncodeName
0000000000005230 000000000000012c T smGetServiceOriginal
0000000000005360 0000000000000158 T smInitialize
00000000000054c0 0000000000000074 T smGetService
0000000000005540 00000000000000ec T fatalWithType
0000000000005630 0000000000000014 T fatalSimple
0000000000005650 0000000000000048 t _gfxCancelBuffer
00000000000056a0 0000000000000170 t _gfxDequeueBuffer.part.0
0000000000005810 00000000000004b4 T gfxInitDefault
0000000000005cd0 00000000000000e8 T gfxConfigureCrop
0000000000005dc0 0000000000000014 T gfxConfigureResolution
0000000000005de0 0000000000000060 t _gfxAutoResolutionAppletHook
0000000000005e40 000000000000011c T gfxConfigureAutoResolution
0000000000005f60 0000000000000174 T gfxExit
00000000000060e0 000000000000003c T _gfxGraphicBufferInit
0000000000006120 000000000000002c T gfxWaitForVsync
0000000000006150 0000000000000064 T gfxSwapBuffers
00000000000061c0 0000000000000068 T gfxGetFramebuffer
0000000000006230 000000000000012c T gfxFlushBuffers
0000000000006360 0000000000000038 t nvmapobjClose.part.0.constprop.3
00000000000063a0 00000000000001e8 T nvgfxInitialize
0000000000006590 0000000000000058 T nvgfxExit
00000000000065f0 000000000000004c T nvgfxGetFramebuffer
0000000000006640 00000000000000b8 T nxlinkStdio
0000000000006700 0000000000000368 T argvSetup
0000000000006a70 00000000000000a8 t _socketParseBsdResult.part.0
0000000000006b20 0000000000000048 t _socketRead
0000000000006b70 0000000000000048 t _socketWrite
0000000000006bc0 000000000000003c t _socketClose
0000000000006c00 000000000000007c t _socketOpen
0000000000006c80 0000000000000080 t _socketGetFd
0000000000006d00 000000000000000c T socketGetDefaultInitConfig
0000000000006d10 000000000000001c T socketExit
0000000000006d30 0000000000000110 T socketInitialize
0000000000006e40 00000000000000a4 T socket
0000000000006ef0 0000000000000054 T connect
0000000000006f50 0000000000000030 T _convert_errno
0000000000006f80 T armDCacheFlush
0000000000006fa4 t armDCacheFlush_L0
0000000000006fbc T svcSetHeapSize
0000000000006fd0 T svcUnmapMemory
0000000000006fd8 T svcQueryMemory
0000000000006fec T svcExitProcess
0000000000006ff4 T svcSleepThread
0000000000006ffc T svcMapSharedMemory
0000000000007004 T svcUnmapSharedMemory
000000000000700c T svcCreateTransferMemory
0000000000007020 T svcCloseHandle
0000000000007028 T svcResetSignal
0000000000007030 T svcWaitSynchronization
0000000000007044 T svcArbitrateLock
000000000000704c T svcArbitrateUnlock
0000000000007054 T svcConnectToNamedPort
0000000000007068 T svcSendSyncRequest
0000000000007070 T svcBreak
0000000000007078 T svcGetInfo
000000000000708c T svcUnmapTransferMemory
0000000000007094 T __aarch64_read_tp
00000000000070a0 0000000000000180 t _CacheValues
0000000000007220 000000000000001c T kernelAbove200
0000000000007240 000000000000001c T kernelAbove300
0000000000007260 0000000000000030 T detectDebugger
0000000000007290 0000000000000014 T shmemLoadRemote
00000000000072b0 0000000000000084 T shmemMap
0000000000007340 0000000000000058 T shmemUnmap
00000000000073a0 0000000000000044 T shmemClose
00000000000073f0 000000000000004c T rwlockReadLock
0000000000007440 000000000000004c T rwlockReadUnlock
0000000000007490 0000000000000008 T rwlockWriteLock
00000000000074a0 0000000000000008 T rwlockWriteUnlock
00000000000074b0 000000000000008c T mutexLock
0000000000007540 0000000000000030 T mutexUnlock
0000000000007570 000000000000004c T rmutexLock
00000000000075c0 000000000000001c T rmutexUnlock
00000000000075e0 000000000000007c t _GetRegionFromInfo.isra.1
0000000000007660 00000000000000e4 T virtmemSetup
0000000000007750 000000000000013c T virtmemReserve
0000000000007890 0000000000000004 T virtmemFree
00000000000078a0 000000000000000c T eventLoadRemote
00000000000078b0 000000000000011c T eventWait
00000000000079d0 0000000000000050 T eventClose
0000000000007a20 0000000000000034 t ipcCloseObjectById
0000000000007a60 00000000000000c8 t ipcQueryPointerBufferSize.constprop.7
0000000000007b30 00000000000000d8 t _nvSetClientPID
0000000000007c10 00000000000000f0 t _nvInitialize.constprop.6
0000000000007d00 00000000000000b4 T nvExit
0000000000007dc0 0000000000000128 T nvInitialize
0000000000007ef0 000000000000012c T nvConvertError
0000000000008020 000000000000012c T nvOpen
0000000000008150 0000000000000218 T nvIoctl
0000000000008370 00000000000000dc T nvClose
0000000000008450 000000000000015c T nvQueryEvent
00000000000085b0 0000000000000034 t ipcCloseObjectById
00000000000085f0 0000000000000134 t _viGetSession.constprop.7
0000000000008730 00000000000001e4 T viExit
0000000000008920 0000000000000304 T viInitialize
0000000000008c30 000000000000000c T viGetSession_IHOSBinderDriverRelay
0000000000008c40 0000000000000140 T viOpenDisplay
0000000000008d80 0000000000000104 T viCloseDisplay
0000000000008e90 000000000000013c T viGetDisplayVsyncEvent
0000000000008fd0 0000000000000104 T viCloseLayer
00000000000090e0 0000000000000320 T viCreateLayer
0000000000009400 00000000000000e8 T viSetLayerScalingMode
00000000000094f0 0000000000000034 t ipcCloseObjectById
0000000000009530 0000000000000120 t _bsdRegisterClient.isra.5.constprop.11
0000000000009650 0000000000000308 t _bsdDispatchBasicCommand.isra.6
0000000000009960 0000000000000044 t _bsdSocketCreationCommand
00000000000099b0 00000000000000c8 t ipcQueryPointerBufferSize.constprop.10
0000000000009a80 00000000000000f8 t _bsdStartMonitor.constprop.9
0000000000009b80 00000000000000f0 T bsdExit
0000000000009c70 000000000000014c T bsdInitialize
0000000000009dc0 0000000000000014 T bsdSocket
0000000000009de0 00000000000000c4 T bsdOpen
0000000000009eb0 00000000000000a8 T bsdConnect
0000000000009f60 00000000000000bc T bsdWrite
000000000000a020 00000000000000fc T bsdRead
000000000000a120 0000000000000040 T bsdClose
000000000000a160 000000000000005c T nvFenceInit
000000000000a1c0 0000000000000098 T nvFenceExit
000000000000a260 0000000000000194 T nvFenceWait
000000000000a400 000000000000007c T nvMultiFenceWait
000000000000a480 0000000000000024 T nvioctlNvhostCtrl_EventSignal
000000000000a4b0 0000000000000028 T nvioctlNvhostCtrl_EventWaitAsync
000000000000a4e0 0000000000000024 T nvioctlNvhostCtrl_EventRegister
000000000000a510 0000000000000024 T nvioctlNvhostCtrl_EventUnregister
000000000000a540 000000000000003c T nvioctlNvmap_Create
000000000000a580 0000000000000030 T nvioctlNvmap_Alloc
000000000000a5b0 000000000000003c T nvioctlNvmap_GetId
000000000000a5f0 00000000000000f0 T bqRequestBuffer
000000000000a6e0 0000000000000154 T bqDequeueBuffer
000000000000a840 000000000000009c T bqDetachBuffer
000000000000a8e0 00000000000000e0 T bqQueueBuffer
000000000000a9c0 0000000000000090 T bqCancelBuffer
000000000000aa50 00000000000000e4 T bqConnect
000000000000ab40 000000000000009c T bqDisconnect
000000000000abe0 00000000000000b4 T bqSetPreallocatedBuffer
000000000000aca0 0000000000000248 t _binderTransactParcelAuto
000000000000aef0 00000000000000c8 t ipcQueryPointerBufferSize
000000000000afc0 0000000000000138 t _binderTransactParcel
000000000000b100 0000000000000014 T binderCreate
000000000000b120 0000000000000010 T binderTransactParcel
000000000000b130 0000000000000124 T binderConvertErrorCode
000000000000b260 00000000000000e8 T binderAdjustRefcount
000000000000b350 0000000000000074 T binderClose
000000000000b3d0 00000000000000c4 T binderInitSession
000000000000b4a0 0000000000000144 T binderGetNativeHandle
000000000000b5f0 0000000000000028 T parcelCreate
000000000000b620 000000000000019c T parcelTransact
000000000000b7c0 0000000000000088 T parcelWriteData
000000000000b850 0000000000000098 T parcelReadData
000000000000b8f0 0000000000000020 T parcelWriteInt32
000000000000b910 0000000000000020 T parcelWriteUInt32
000000000000b930 0000000000000080 T parcelWriteString16
000000000000b9b0 0000000000000030 T parcelWriteInterfaceToken
000000000000b9e0 0000000000000024 T parcelReadInt32
000000000000ba10 0000000000000068 T parcelReadFlattenedObject
000000000000ba80 0000000000000044 T parcelWriteFlattenedObject
000000000000bad0 00000000000000a0 T __nx_dynamic
000000000000bb70 00000000000000d8 W __libnx_initheap
000000000000bc50 0000000000000090 W __appInit
000000000000bce0 0000000000000034 W __appExit
000000000000bd20 0000000000000028 W __libnx_init
000000000000bd50 0000000000000020 W __libnx_exit
000000000000bd70 00000000000000c4 T nxlinkSetup
000000000000be40 00000000000001b0 T envSetup
000000000000bff0 0000000000000020 T envGetMainThreadHandle
000000000000c010 000000000000000c T envIsNso
000000000000c020 0000000000000014 T envHasHeapOverride
000000000000c040 000000000000000c T envGetHeapOverrideAddr
000000000000c050 000000000000000c T envGetHeapOverrideSize
000000000000c060 0000000000000014 T envHasArgv
000000000000c080 000000000000000c T envGetArgv
000000000000c090 000000000000000c T envGetExitFuncPtr
000000000000c0a0 0000000000000008 t mutexInit
000000000000c0b0 000000000000000c t rmutexInit
000000000000c0c0 000000000000008c T __libnx_gtod
000000000000c150 0000000000000020 T __libnx_clock_settime
000000000000c170 0000000000000028 T __libnx_nanosleep
000000000000c1a0 0000000000000034 t __libnx_get_reent
000000000000c1e0 00000000000000d0 T __libnx_clock_gettime
000000000000c2b0 0000000000000058 T __libnx_clock_getres
000000000000c310 0000000000000054 T __libnx_init_time
000000000000c370 0000000000000118 T newlibSetup
000000000000c490 0000000000000010 t fsdev_link
000000000000c4a0 0000000000000010 t fsdev_dirreset
000000000000c4b0 0000000000000010 t fsdev_chmod
000000000000c4c0 000000000000001c t error_cmp
000000000000c4e0 0000000000000058 t fsdev_translate_error
000000000000c540 0000000000000040 t fsdev_fsync
000000000000c580 0000000000000060 t fsdev_ftruncate
000000000000c5e0 0000000000000020 t fsdev_dirclose
000000000000c600 000000000000016c t fsdev_dirnext
000000000000c770 000000000000001c t fsdev_close
000000000000c790 0000000000000080 t fsdev_fstat
000000000000c810 00000000000000b0 t fsdev_seek
000000000000c8c0 0000000000000198 t fsdev_read
000000000000ca60 00000000000001a0 t fsdev_write
000000000000cc00 0000000000000120 t fsdevFindDevice
000000000000cd20 0000000000000168 t _fsdevMountDevice
000000000000ce90 00000000000001fc t fsdev_getfspath
000000000000d090 0000000000000070 t fsdev_rmdir
000000000000d100 00000000000000d4 t fsdev_statvfs
000000000000d1e0 00000000000000ec t fsdev_diropen
000000000000d2d0 0000000000000070 t fsdev_mkdir
000000000000d340 0000000000000114 t fsdev_rename
000000000000d460 00000000000000e8 t fsdev_chdir
000000000000d550 0000000000000070 t fsdev_unlink
000000000000d5c0 0000000000000168 t fsdev_stat
000000000000d730 0000000000000180 t fsdev_open
000000000000d8b0 00000000000000b8 t _fsdevUnmountDeviceStruct.part.4
000000000000d970 0000000000000010 t fsdev_fchmod
000000000000d980 0000000000000158 T fsdevMountSdmc
000000000000dae0 0000000000000064 T fsdevUnmountAll
000000000000db50 000000000000012c T decode_utf8
000000000000dc80 00000000000000a8 T tmemCreate
000000000000dd30 0000000000000058 T tmemUnmap
000000000000dd90 0000000000000068 T tmemClose
000000000000de00 0000000000000034 t ipcCloseObjectById
000000000000de40 000000000000012c t _timeGetSession
000000000000df70 00000000000001ec T timeExit
000000000000e160 00000000000000d8 T timeInitialize
000000000000e240 0000000000000124 T timeGetCurrentTime
000000000000e370 0000000000000034 t ipcCloseObjectById
000000000000e3b0 0000000000000124 T fsInitialize
000000000000e4e0 000000000000009c T fsExit
000000000000e580 0000000000000134 T fsMountSdcard
000000000000e6c0 00000000000000f4 T fsFsCreateFile
000000000000e7c0 00000000000000f0 T fsFsDeleteFile
000000000000e8b0 00000000000000f0 T fsFsCreateDirectory
000000000000e9a0 00000000000000f0 T fsFsDeleteDirectory
000000000000ea90 000000000000011c T fsFsRenameFile
000000000000ebb0 000000000000011c T fsFsRenameDirectory
000000000000ecd0 0000000000000104 T fsFsGetEntryType
000000000000ede0 0000000000000154 T fsFsOpenFile
000000000000ef40 000000000000014c T fsFsOpenDirectory
000000000000f090 0000000000000104 T fsFsGetFreeSpace
000000000000f1a0 0000000000000104 T fsFsGetTotalSpace
000000000000f2b0 000000000000006c T fsFsClose
000000000000f320 0000000000000108 T fsFileRead
000000000000f430 00000000000000f8 T fsFileWrite
000000000000f530 00000000000000c8 T fsFileFlush
000000000000f600 00000000000000c8 T fsFileSetSize
000000000000f6d0 00000000000000ec T fsFileGetSize
000000000000f7c0 000000000000006c T fsFileClose
000000000000f830 000000000000006c T fsDirClose
000000000000f8a0 0000000000000110 T fsDirRead
000000000000f9b0 00000000000000b8 T bsearch
000000000000fa68 000000000000000c T difftime
000000000000fa78 0000000000000014 T __errno
000000000000fa90 000000000000015c T _fclose_r
000000000000fbf0 000000000000001c T fclose
000000000000fc10 0000000000000214 T __sflush_r
000000000000fe28 00000000000000b8 T _fflush_r
000000000000fee0 0000000000000040 T fflush
000000000000ff20 0000000000000078 t std
000000000000ff98 000000000000000c T _cleanup_r
000000000000ffa8 0000000000000060 T __sfmoreglue
0000000000010008 000000000000000c T __sfp_lock_acquire
0000000000010018 000000000000000c T __sfp_lock_release
0000000000010028 000000000000000c T __sinit_lock_acquire
0000000000010038 000000000000000c T __sinit_lock_release
0000000000010048 0000000000000080 T __sinit
00000000000100c8 0000000000000118 T __sfp
00000000000101e0 0000000000000044 T __libc_fini_array
0000000000010228 0000000000000130 T _fopen_r
0000000000010358 0000000000000030 T fopen
0000000000010388 0000000000000328 T _fread_r
00000000000106b0 0000000000000040 T fread
00000000000106f0 0000000000000118 T _malloc_trim_r
0000000000010808 00000000000002f4 T _free_r
0000000000010b00 0000000000000004 T _fseek_r
0000000000010b08 000000000000003c T fseek
0000000000010b48 00000000000004c4 T _fseeko_r
0000000000011010 0000000000000004 T _ftell_r
0000000000011018 000000000000001c T ftell
0000000000011038 0000000000000164 T _ftello_r
00000000000111a0 00000000000000b8 T _fwalk
0000000000011258 00000000000000bc T _fwalk_reent
0000000000011318 0000000000000028 T gmtime
0000000000011340 0000000000000290 T gmtime_r
00000000000115d0 000000000000008c T __libc_init_array
0000000000011660 000000000000002c T __locale_mb_cur_max
0000000000011690 0000000000000008 T __locale_ctype_ptr_l
0000000000011698 000000000000002c T __locale_ctype_ptr
00000000000116c8 00000000000000a4 T __swhatbuf_r
0000000000011770 000000000000010c T __smakebuf_r
0000000000011880 0000000000000030 T memalign
00000000000118b0 0000000000000198 T _memalign_r
0000000000011a48 000000000000001c T malloc
0000000000011a68 000000000000001c T free
0000000000011a88 0000000000000844 T _malloc_r
00000000000122d0 00000000000002c8 T __utf8_mbtowc
00000000000125c0 000000000000016c T memcpy
0000000000012740 00000000000001d8 T memset
0000000000012918 000000000000000c T __malloc_lock
0000000000012928 000000000000000c T __malloc_unlock
0000000000012938 000000000000008c T printf
00000000000129c8 00000000000000d4 T _puts_r
0000000000012aa0 000000000000001c T puts
0000000000012ac0 0000000000000030 T realloc
0000000000012af0 000000000000056c T _realloc_r
0000000000013060 0000000000000020 t lflush
0000000000013080 00000000000001d0 T __srefill_r
0000000000013250 00000000000000a8 T sprintf
00000000000132f8 0000000000000050 T __sread
0000000000013348 000000000000006c T __swrite
00000000000133b8 0000000000000050 T __sseek
0000000000013408 0000000000000008 T __sclose
0000000000013410 00000000000000dc T strchr
0000000000013500 00000000000000a4 T strcmp
00000000000135c0 0000000000000140 T strlen
0000000000013700 0000000000000084 T strncat
00000000000137dc 0000000000000108 T strncmp
00000000000138e8 00000000000000a8 T strncpy
00000000000139e4 00000000000000e0 T strnlen
0000000000013aa0 00000000000001e0 t _strtoul_l.isra.0
0000000000013c80 000000000000005c T strtoul
0000000000013cdc 000000000000076c t get_arg
0000000000014448 0000000000003b44 T _svfprintf_r
0000000000017f90 000000000000001c T close
0000000000017fb0 0000000000000040 T time
0000000000017ff0 000000000000076c t get_arg
000000000001875c 0000000000003bfc T _vfprintf_r
000000000001c358 00000000000000ec t __sbprintf
000000000001c448 00000000000000d0 T _wcrtomb_r
000000000001c518 0000000000000010 T _wcsrtombs_r
000000000001c528 00000000000000e4 T __utf8_wctomb
000000000001c610 0000000000000140 T __swsetup_r
000000000001c750 000000000000017c T __call_exitprocs
000000000001c8d0 00000000000001a8 t quorem
000000000001ca78 00000000000010dc T _dtoa_r
000000000001db58 00000000000000a8 T __sflags
000000000001dc00 00000000000004b8 T __sfvwrite_r
000000000001e0b8 0000000000000008 T __localeconv_l
000000000001e0c0 0000000000000028 T _localeconv_r
000000000001e0e8 00000000000000d8 T memchr
000000000001e1c0 00000000000000ac T memmove
000000000001e270 0000000000000090 T _Balloc
000000000001e300 000000000000001c T _Bfree
000000000001e320 00000000000000e8 T __multadd
000000000001e408 000000000000005c T __hi0bits
000000000001e468 00000000000000a0 T __lo0bits
000000000001e508 000000000000002c T __i2b
000000000001e538 00000000000001c8 T __multiply
000000000001e700 0000000000000104 T __pow5mult
000000000001e808 0000000000000134 T __lshift
000000000001e940 0000000000000050 T __mcmp
000000000001e990 000000000000014c T __mdiff
000000000001eae0 0000000000000138 T __d2b
000000000001ec18 000000000000007c T frexp
000000000001ec94 00000000000001c0 T __ssprint_r
000000000001ee54 000000000000003c T __sprint_r
000000000001ee90 00000000000001dc T _wcsnrtombs_l
000000000001f070 0000000000000054 T _wcsnrtombs_r
000000000001f0c8 0000000000000094 T _calloc_r
000000000001f160 0000000000000008 t null_write
000000000001f168 0000000000000018 T setDefaultDevice
000000000001f180 00000000000000f8 T FindDevice
000000000001f278 0000000000000034 T RemoveDevice
000000000001f2b0 00000000000000d8 T AddDevice
000000000001f388 00000000000000a8 T _close_r
000000000001f430 0000000000000080 T _fstat_r
000000000001f4b0 0000000000000028 T _gettimeofday_r
000000000001f4d8 0000000000000008 T _isatty_r
000000000001f4e0 0000000000000094 T _lseek_r
000000000001f578 00000000000000e0 T _open_r
000000000001f658 00000000000000a4 T _read_r
000000000001f700 0000000000000078 T _sbrk_r
000000000001f778 000000000000007c T usleep
000000000001f7f8 00000000000000a4 T _write_r
000000000001f8a0 0000000000000024 T _exit
000000000001f8c8 0000000000000234 T _concatenate_path
000000000001fb00 0000000000000178 T chdir
000000000001fc78 0000000000000018 T __libc_lock_acquire
000000000001fc90 0000000000000018 T __libc_lock_release
000000000001fca8 0000000000000018 T __libc_lock_init_recursive
000000000001fcc0 0000000000000018 T __libc_lock_acquire_recursive
000000000001fcd8 0000000000000018 T __libc_lock_release_recursive
000000000001fcf0 0000000000000018 T __libc_lock_close_recursive
000000000001fd08 000000000000003c T __free_handle
000000000001fd48 0000000000000058 T __release_handle
000000000001fda0 00000000000000c0 T __alloc_handle
000000000001fe60 0000000000000020 T __get_handle
000000000001fe80 0000000000000130 T dup2
000000000001ffb0 0000000000000024 T __getreent
000000000001ffd8 0000000000000040 T nanosleep
0000000000020018 0000000000000350 t __trunctfdf2
0000000000020368 0000000000000070 t __sfp_handle_exceptions
00000000000203d8 0000000000000100 T strrchr
00000000000204d8 T _fini
0000000000021260 0000000000000014 r CSWTCH.44
00000000000212e8 0000000000000038 r g_defaultSocketInitConfig
0000000000021320 0000000000000086 r _error_code_map
00000000000213f8 0000000000000023 r g_bq_InterfaceDescriptor
0000000000021438 0000000000000018 r error_table
0000000000021660 0000000000000010 r blanks.6378
0000000000021670 0000000000000010 r zeroes.6379
00000000000217d0 0000000000000010 r blanks.6393
00000000000217e0 0000000000000010 r zeroes.6394
00000000000217f0 0000000000000101 R _ctype_
0000000000021930 0000000000000028 R __mprec_bigtens
0000000000021958 00000000000000c8 R __mprec_tens
0000000000021a20 000000000000000c r p05.5161
0000000000021a30 000000000000006c R __action_table
0000000000021aa0 0000000000000100 R __chclass
0000000000021ba0 000000000000006c R __state_table
0000000000021c18 0000000000000003 R DIRECTORY_PARENT
0000000000021c20 r __EH_FRAME_BEGIN__
0000000000021c20 R __eh_frame_hdr_end
0000000000021c20 R __eh_frame_hdr_start
0000000000026ca4 r __FRAME_END__
0000000000026ca8 a _DYNAMIC
000000000002a000 t __frame_dummy_init_array_entry
000000000002a000 T __init_array_start
000000000002a000 B __preinit_array_end
000000000002a000 B __preinit_array_start
000000000002a000 D __tdata_lma
000000000002a000 D __tdata_lma_end
000000000002a008 t __do_global_dtors_aux_fini_array_entry
000000000002a008 T __fini_array_start
000000000002a008 T __init_array_end
000000000002a010 a _GLOBAL_OFFSET_TABLE_
000000000002a010 T __fini_array_end
000000000002a010 T __got_start__
000000000002a2f0 D __got_end__
000000000002a2f0 0000000000049ec0 D hsanhalttools_bg_crop_png
00000000000741b0 0000000000000010 D hsanhalttools_bg_crop_png_colors
00000000000741c0 0000000000000008 D hsanhalttools_bg_crop_png_offset
00000000000741c8 0000000000000004 D hsanhalttools_hght
00000000000741cc 0000000000000004 D hsanhalttools_wdth
00000000000741d0 0000000000000001 V __nx_applet_auto_notifyrunning
00000000000741d4 0000000000000004 V __nx_applet_type
00000000000741d8 0000000000000004 d g_gfxMode
00000000000741e0 0000000000000054 d g_gfxQueueBufferData
0000000000074238 000000000000016c d g_gfx_BufferInitData
00000000000743a4 0000000000000004 D g_nvgfx_totalframebufs
00000000000743a8 0000000000000004 d sock
00000000000743b0 00000000000000e0 d g_socketDevoptab
0000000000074490 0000000000000004 V __nx_nv_transfermem_size
0000000000074494 0000000000000004 V __nx_vi_stray_layer_flags
0000000000074498 0000000000000004 d g_viServiceType
00000000000744a0 0000000000000008 d g_bsdClientPid
00000000000744a8 0000000000000004 d g_ctrl_fd
00000000000744ac 0000000000000004 V __nx_time_type
00000000000744b0 0000000000000401 d __cwd
00000000000748b4 0000000000000004 d fsdev_fsdevice_cwd
00000000000748b8 0000000000000004 d fsdev_fsdevice_default
00000000000748c0 00000000000000e0 d fsdev_devoptab
00000000000749a0 0000000000000008 D _impure_ptr
00000000000749a8 0000000000000768 d impure_data
0000000000075110 0000000000000008 D _global_impure_ptr
0000000000075118 00000000000001a8 D __global_locale
00000000000752c0 0000000000000008 D __malloc_sbrk_base
00000000000752c8 0000000000000008 D __malloc_trim_threshold
00000000000752d0 0000000000000810 D __malloc_av_
0000000000075ae0 0000000000000004 d defaultDevice
0000000000075ae8 0000000000000080 D devoptab_list
0000000000075b68 00000000000000e0 D dotab_stdnull
0000000000075c48 0000000000000400 d _current_working_directory
0000000000076048 0000000000000010 d __stderr_handle
0000000000076058 0000000000000010 d __stdin_handle
0000000000076068 0000000000000010 d __stdout_handle
0000000000076078 0000000000002000 d handles
0000000000078078 D __TMC_END__
0000000000078078 D __bss_start__
0000000000078078 b completed.7821
0000000000078080 b object.7826
00000000000780b0 0000000000000008 B sched
00000000000780b8 0000000000000008 B scr_bounds
00000000000780c0 0000000000000008 V __nx_applet_PerformanceConfiguration
00000000000780c8 0000000000000018 b g_appletFirstHook
00000000000780e0 0000000000000001 b g_appletFocusState
00000000000780e8 000000000000000c b g_appletIApplicationCreator
00000000000780f8 000000000000000c b g_appletIAudioController
0000000000078108 000000000000000c b g_appletICommonStateGetter
0000000000078118 000000000000000c b g_appletIDebugFunctions
0000000000078128 000000000000000c b g_appletIDisplayController
0000000000078138 000000000000000c b g_appletIFunctions
0000000000078148 000000000000000c b g_appletIGlobalStateController
0000000000078158 000000000000000c b g_appletILibraryAppletCreator
0000000000078168 000000000000000c b g_appletILibraryAppletSelfAccessor
0000000000078178 000000000000000c b g_appletIProcessWindingController
0000000000078188 000000000000000c b g_appletISelfController
0000000000078198 000000000000000c b g_appletIWindowController
00000000000781a4 0000000000000004 b g_appletMessageEventHandle
00000000000781a8 0000000000000001 b g_appletNotifiedRunning
00000000000781a9 0000000000000001 b g_appletOperationMode
00000000000781ac 0000000000000004 b g_appletPerformanceMode
00000000000781b0 000000000000000c b g_appletProxySession
00000000000781c0 0000000000000008 b g_appletResourceUserId
00000000000781c8 000000000000000c b g_appletSrv
00000000000781d8 0000000000000008 b g_refCnt
00000000000781e0 0000000000000050 b g_controllerDown
0000000000078230 00000000000001e0 b g_controllerEntries
0000000000078410 0000000000000190 b g_controllerHeaders
00000000000785a0 0000000000000050 b g_controllerHeld
00000000000785f0 0000000000000028 b g_controllerLayout
0000000000078618 0000000000000050 b g_controllerOld
0000000000078668 0000000000000004 b g_controllerP1AutoID
0000000000078670 0000000000000050 b g_controllerTimestamps
00000000000786c0 0000000000000050 b g_controllerUp
0000000000078710 000000000000000c b g_hidIAppletResource
0000000000078720 0000000000000020 b g_hidLock
0000000000078740 0000000000000020 b g_hidSharedmem
0000000000078760 000000000000000c b g_hidSrv
0000000000078770 0000000000000020 b g_keyboardDown
0000000000078790 0000000000000038 b g_keyboardEntry
00000000000787c8 0000000000000020 b g_keyboardHeld
00000000000787e8 0000000000000008 b g_keyboardModDown
00000000000787f0 0000000000000008 b g_keyboardModHeld
00000000000787f8 0000000000000008 b g_keyboardModOld
0000000000078800 0000000000000008 b g_keyboardModUp
0000000000078808 0000000000000020 b g_keyboardOld
0000000000078828 0000000000000008 b g_keyboardTimestamp
0000000000078830 0000000000000020 b g_keyboardUp
0000000000078850 0000000000000008 b g_mouseDown
0000000000078858 0000000000000030 b g_mouseEntry
0000000000078888 0000000000000008 b g_mouseHeld
0000000000078890 0000000000000008 b g_mouseOld
0000000000078898 0000000000000008 b g_mouseTimestamp
00000000000788a0 0000000000000008 b g_mouseUp
00000000000788a8 0000000000000008 b g_refCnt
00000000000788b0 0000000000000298 b g_touchEntry
0000000000078b48 0000000000000008 b g_touchTimestamp
0000000000078b50 000000000000000c b g_apmISession
0000000000078b60 000000000000000c b g_apmSrv
0000000000078b70 0000000000000008 b g_refCnt
0000000000078b78 0000000000000008 b g_refCnt
0000000000078b80 0000000000000004 b g_smHandle
0000000000078b88 0000000000000200 b g_smOverrides
0000000000078d88 0000000000000008 b g_smOverridesNum
0000000000078d90 000000000000000c b g_gfxBinderEvent
0000000000078da0 0000000000000010 b g_gfxBinderSession
0000000000078db0 0000000000000004 b g_gfxCurrentBuffer
0000000000078db4 0000000000000004 b g_gfxCurrentProducerBuffer
0000000000078db8 0000000000000050 b g_gfxDisplay
0000000000078e08 000000000000000c b g_gfxDisplayVsyncEvent
0000000000078e18 0000000000000008 b g_gfxFramebuf
0000000000078e20 0000000000000004 b g_gfxFramebufHandle
0000000000078e28 0000000000000008 b g_gfxFramebufLinear
0000000000078e30 0000000000000008 b g_gfxFramebufSize
0000000000078e38 0000000000000001 b g_gfxInitialized
0000000000078e40 0000000000000010 b g_gfxLayer
0000000000078e50 0000000000000010 b g_gfx_Connect_QueueBufferOutput
0000000000078e60 0000000000000001 b g_gfx_ProducerConnected
0000000000078e64 0000000000000004 b g_gfx_ProducerSlotsRequested
0000000000078e68 0000000000000010 b g_gfx_QueueBuffer_QueueBufferOutput
0000000000078e78 0000000000000018 b g_gfx_autoresolution_applethookcookie
0000000000078e90 0000000000000004 b g_gfx_autoresolution_docked_height
0000000000078e94 0000000000000004 b g_gfx_autoresolution_docked_width
0000000000078e98 0000000000000001 b g_gfx_autoresolution_enabled
0000000000078e9c 0000000000000004 b g_gfx_autoresolution_handheld_height
0000000000078ea0 0000000000000004 b g_gfx_autoresolution_handheld_width
0000000000078ea8 0000000000000008 B g_gfx_framebuf_aligned_height
0000000000078eb0 0000000000000008 B g_gfx_framebuf_aligned_width
0000000000078eb8 0000000000000008 B g_gfx_framebuf_display_height
0000000000078ec0 0000000000000008 B g_gfx_framebuf_display_width
0000000000078ec8 0000000000000008 B g_gfx_framebuf_height
0000000000078ed0 0000000000000008 B g_gfx_framebuf_width
0000000000078ed8 0000000000000008 B g_gfx_singleframebuf_linear_size
0000000000078ee0 0000000000000008 B g_gfx_singleframebuf_size
0000000000078ee8 0000000000000001 b g_nvgfxInitialized
0000000000078eec 0000000000000004 b g_nvgfx_fd_nvmap
0000000000078ef0 0000000000000018 b nvmap_fb_obj
0000000000078f08 0000000000000008 b g_argv_empty
0000000000078f10 0000000000000018 b g_sfdnsresConfig
0000000000078f28 0000000000000001 b g_HasCached
0000000000078f29 0000000000000001 b g_IsAbove200
0000000000078f2a 0000000000000001 b g_IsAbove300
0000000000078f2b 0000000000000001 b g_IsAbove400
0000000000078f2c 0000000000000001 b g_IsAbove500
0000000000078f2d 0000000000000001 b g_IsAbove600
0000000000078f30 0000000000000004 b g_Mutex
0000000000078f38 0000000000000010 b g_AddressSpace
0000000000078f48 0000000000000008 b g_CurrentAddr
0000000000078f50 0000000000000030 b g_Region
0000000000078f80 0000000000000004 b g_VirtMemMutex
0000000000078f88 0000000000000008 b g_nvIpcBufferSize
0000000000078f90 000000000000000c b g_nvSrv
0000000000078fa0 0000000000000028 b g_nvTransfermem
0000000000078fc8 0000000000000008 b g_refCnt
0000000000078fd0 0000000000000008 V __nx_vi_layer_id
0000000000078fd8 000000000000000c b g_viIApplicationDisplayService
0000000000078fe8 000000000000000c b g_viIHOSBinderDriverIndirect
0000000000078ff8 000000000000000c b g_viIHOSBinderDriverRelay
0000000000079008 000000000000000c b g_viIManagerDisplayService
0000000000079018 000000000000000c b g_viISystemDisplayService
0000000000079028 000000000000000c b g_bsdMonitor
0000000000079038 000000000000000c b g_bsdSrv
0000000000079048 0000000000000008 b g_bsdSrvIpcBufferSize
0000000000079050 0000000000000028 b g_bsdTmem
0000000000079078 0000000000000008 b g_NvEventUsedMask
0000000000079080 0000000000000300 b g_NvEvents
0000000000079380 0000000000000008 b g_refCnt
0000000000079388 0000000000000008 V __nx_heap_size
0000000000079390 0000000000000001 b g_isNso
0000000000079394 0000000000000004 b g_lastLoadResult
0000000000079398 0000000000000008 b g_loaderRetAddr
00000000000793a0 0000000000000004 b g_mainThreadHandle
00000000000793a8 0000000000000008 b g_nextLoadArgv
00000000000793b0 0000000000000008 b g_nextLoadPath
00000000000793b8 0000000000000008 b g_overrideArgv
00000000000793c0 0000000000000008 b g_overrideHeapAddr
00000000000793c8 0000000000000008 b g_overrideHeapSize
00000000000793d0 0000000000000004 b g_processHandle
00000000000793d8 0000000000000010 b g_syscallHints
00000000000793e8 0000000000000008 b __bootticks
00000000000793f0 0000000000000008 b __boottime
00000000000793f8 0000000000002300 b fsdev_fsdevices
000000000007b6f8 0000000000000001 b fsdev_initialised
000000000007b700 0000000000000008 b g_refCnt
000000000007b708 000000000000000c b g_timeLocalSystemClock
000000000007b718 000000000000000c b g_timeNetworkSystemClock
000000000007b728 000000000000000c b g_timeSrv
000000000007b738 000000000000000c b g_timeTimeZoneService
000000000007b748 000000000000000c b g_timeUserSystemClock
000000000007b758 000000000000000c b g_fsSrv
000000000007b768 0000000000000008 b g_refCnt
000000000007b770 000000000000000c b __sfp_recursive_mutex
000000000007b780 000000000000000c b __sinit_recursive_mutex
000000000007b790 0000000000000028 B __malloc_current_mallinfo
000000000007b7b8 0000000000000008 B __malloc_max_sbrked_mem
000000000007b7c0 0000000000000008 B __malloc_max_total_mem
000000000007b7c8 0000000000000008 B __malloc_top_pad
000000000007b7d0 000000000000000c b __malloc_recursive_mutex
000000000007b7e0 000000000000000c B __atexit_recursive_mutex
000000000007b7f0 0000000000000008 b heap_start.5228
000000000007b7f8 0000000000000008 B fake_heap_end
000000000007b800 0000000000000008 B fake_heap_start
000000000007b808 0000000000000400 b temp_cwd
000000000007bc08 0000000000000090 B __syscalls
000000000007bc98 0000000000000004 b __hndl_lock
000000000007bca0 0000000000000008 B fontchar
000000000007bca8 0000000000000004 B fcw
000000000007bcb0 0000000000000068 B nextLecture
000000000007bd18 0000000000000008 B schedlen
000000000007bd20 0000000000000008 B fbuf
000000000007bd28 0000000000000008 B __system_argv
000000000007bd30 0000000000000004 B __system_argc
000000000007bd38 0000000000000004 B __nxlink_host
000000000007bd40 0000000000000008 B __stack_top
000000000007bd48 B __tls_start
0000000000080160 B __bss_end__
0000000000080160 A __end__
0000000000080160 B __tls_end
0000000000081000 A __argdata__
